<?xml version="1.0" encoding="UTF-8"?>
<!-- Generated by org.testng.reporters.JUnitReportReporter -->
<testsuite skipped="0" hostname="DESKTOP-ETJP85C" name="com.qa.testscript.TC_MyntraShopping_01" tests="1" failures="0" timestamp="02 May 2021 07:10:56 GMT" time="44.410" errors="0">
  <testcase name="login" time="44.410" classname="com.qa.testscript.TC_MyntraShopping_01"/>
</testsuite> <!-- com.qa.testscript.TC_MyntraShopping_01 -->
