<?xml version="1.0" encoding="UTF-8"?>
<!-- Generated by org.testng.reporters.JUnitReportReporter -->
<testsuite skipped="0" hostname="DESKTOP-ETJP85C" name="com.qa.testscript.TC_ValidLogin_001" tests="1" failures="0" timestamp="02 May 2021 16:09:26 GMT" time="28.734" errors="0">
  <testcase name="getValidLoginData" time="28.734" classname="com.qa.testscript.TC_ValidLogin_001"/>
</testsuite> <!-- com.qa.testscript.TC_ValidLogin_001 -->
