<?xml version="1.0" encoding="UTF-8"?>
<!-- Generated by org.testng.reporters.JUnitReportReporter -->
<testsuite skipped="0" hostname="DESKTOP-ETJP85C" name="com.qa.testscript.TC_InvalidLogin_002" tests="7" failures="0" timestamp="04 May 2021 13:26:04 GMT" time="109.896" errors="0">
  <testcase name="Invalidlogin" time="36.587" classname="com.qa.testscript.TC_InvalidLogin_002"/>
  <testcase name="Invalidlogin" time="34.729" classname="com.qa.testscript.TC_InvalidLogin_002"/>
  <testcase name="Invalidlogin" time="35.499" classname="com.qa.testscript.TC_InvalidLogin_002"/>
  <testcase name="buyproduct" time="1.019" classname="com.qa.testscript.TC_InvalidLogin_002"/>
  <testcase name="buyproduct" time="1.020" classname="com.qa.testscript.TC_InvalidLogin_002"/>
  <testcase name="buyproduct" time="1.034" classname="com.qa.testscript.TC_InvalidLogin_002"/>
  <testcase name="BuyProductAndSignout" time="0.008" classname="com.qa.testscript.TC_InvalidLogin_002"/>
</testsuite> <!-- com.qa.testscript.TC_InvalidLogin_002 -->
