<?xml version="1.0" encoding="UTF-8"?>
<!-- Generated by org.testng.reporters.JUnitReportReporter -->
<testsuite skipped="0" hostname="DESKTOP-ETJP85C" name="com.qa.testscript.TC_MyntraShopping_001" tests="5" failures="0" timestamp="04 May 2021 13:26:04 GMT" time="150.676" errors="0">
  <testcase name="getValidLoginData" time="21.635" classname="com.qa.testscript.TC_MyntraShopping_001"/>
  <testcase name="AddToCart" time="32.635" classname="com.qa.testscript.TC_MyntraShopping_001"/>
  <testcase name="AddToCart" time="34.342" classname="com.qa.testscript.TC_MyntraShopping_001"/>
  <testcase name="AddToCart" time="32.621" classname="com.qa.testscript.TC_MyntraShopping_001"/>
  <testcase name="BuyProductAndSignout" time="29.443" classname="com.qa.testscript.TC_MyntraShopping_001"/>
</testsuite> <!-- com.qa.testscript.TC_MyntraShopping_001 -->
