<?xml version="1.0" encoding="UTF-8"?>
<!-- Generated by org.testng.reporters.JUnitReportReporter -->
<testsuite skipped="0" hostname="DESKTOP-ETJP85C" name="com.qa.testscript.TC_MyntraShopping_001" tests="5" failures="0" timestamp="04 May 2021 02:08:28 GMT" time="121.915" errors="0">
  <testcase name="getValidLoginData" time="17.528" classname="com.qa.testscript.TC_MyntraShopping_001"/>
  <testcase name="AddToCart" time="26.214" classname="com.qa.testscript.TC_MyntraShopping_001"/>
  <testcase name="AddToCart" time="27.064" classname="com.qa.testscript.TC_MyntraShopping_001"/>
  <testcase name="AddToCart" time="26.081" classname="com.qa.testscript.TC_MyntraShopping_001"/>
  <testcase name="BuyProductAndSignout" time="25.028" classname="com.qa.testscript.TC_MyntraShopping_001"/>
</testsuite> <!-- com.qa.testscript.TC_MyntraShopping_001 -->
