<?xml version="1.0" encoding="UTF-8"?>
<!-- Generated by org.testng.reporters.JUnitReportReporter -->
<testsuite skipped="0" hostname="DESKTOP-ETJP85C" name="com.qa.testscript.TC_PrintResultsAfterSearching_003" tests="5" failures="0" timestamp="03 May 2021 08:18:50 GMT" time="139.269" errors="0">
  <testcase name="getValidLoginData" time="20.986" classname="com.qa.testscript.TC_PrintResultsAfterSearching_003"/>
  <testcase name="buyproduct" time="31.801" classname="com.qa.testscript.TC_PrintResultsAfterSearching_003"/>
  <testcase name="buyproduct" time="31.510" classname="com.qa.testscript.TC_PrintResultsAfterSearching_003"/>
  <testcase name="buyproduct" time="30.932" classname="com.qa.testscript.TC_PrintResultsAfterSearching_003"/>
  <testcase name="BuyProductAndSignout" time="24.040" classname="com.qa.testscript.TC_PrintResultsAfterSearching_003"/>
</testsuite> <!-- com.qa.testscript.TC_PrintResultsAfterSearching_003 -->
