<?xml version="1.0" encoding="UTF-8"?>
<!-- Generated by org.testng.reporters.JUnitReportReporter -->
<testsuite skipped="0" hostname="DESKTOP-ETJP85C" name="com.qa.testscript.TC_MyntraShopping_002" tests="2" failures="0" timestamp="02 May 2021 17:32:35 GMT" time="67.104" errors="0">
  <testcase name="getValidLoginData" time="20.052" classname="com.qa.testscript.TC_MyntraShopping_002"/>
  <testcase name="buyproduct" time="47.052" classname="com.qa.testscript.TC_MyntraShopping_002"/>
</testsuite> <!-- com.qa.testscript.TC_MyntraShopping_002 -->
